[1674023177.770][INFO]: Starting ChromeDriver 109.0.5414.74 (e7c5703604daa9cc128ccf5a5d3e993513758913-refs/branch-heads/5414@{#1172}) on port 54729
[1674023177.770][INFO]: Please see https://chromedriver.chromium.org/security-considerations for suggestions on keeping ChromeDriver safe.
[1674023178.228][INFO]: [de457d43be54d9e84f6b06aac6ec8663] COMMAND InitSession {
   "capabilities": {
      "alwaysMatch": {
         "browserName": "chrome",
         "goog:chromeOptions": {
            "args": [ "--disable-dev-shm-usage", "--disable-web-security", "--allow-running-insecure-content", "--no-sandbox" ],
            "excludeSwitches": [ "enable-logging", "enable-automation" ],
            "extensions": [  ],
            "prefs": {
               "credentials_enable_service": false,
               "profile.password_manager_enabled": false,
               "safebrowsing.enabled": true
            }
         },
         "pageLoadStrategy": "normal"
      },
      "firstMatch": [ {
      } ]
   }
}
[1674023178.240][INFO]: Populating Preferences file: {
   "alternate_error_pages": {
      "enabled": false
   },
   "autofill": {
      "enabled": false
   },
   "browser": {
      "check_default_browser": false
   },
   "credentials_enable_service": false,
   "distribution": {
      "import_bookmarks": false,
      "import_history": false,
      "import_search_engine": false,
      "make_chrome_default_for_user": false,
      "skip_first_run_ui": true
   },
   "dns_prefetching": {
      "enabled": false
   },
   "profile": {
      "content_settings": {
         "pattern_pairs": {
            "https://*,*": {
               "media-stream": {
                  "audio": "Default",
                  "video": "Default"
               }
            }
         }
      },
      "default_content_setting_values": {
         "geolocation": 1
      },
      "default_content_settings": {
         "geolocation": 1,
         "mouselock": 1,
         "notifications": 1,
         "popups": 1,
         "ppapi-broker": 1
      },
      "password_manager_enabled": false
   },
   "safebrowsing": {
      "enabled": true
   },
   "search": {
      "suggest_enabled": false
   },
   "translate": {
      "enabled": false
   }
}
[1674023178.241][INFO]: Populating Local State file: {
   "background_mode": {
      "enabled": false
   },
   "ssl": {
      "rev_checking": {
         "enabled": false
      }
   }
}
[1674023178.246][INFO]: Launching chrome: "C:\Program Files (x86)\Google\Chrome\Application\chrome.exe" --allow-pre-commit-input --allow-running-insecure-content --disable-background-networking --disable-backgrounding-occluded-windows --disable-client-side-phishing-detection --disable-default-apps --disable-dev-shm-usage --disable-hang-monitor --disable-popup-blocking --disable-prompt-on-repost --disable-sync --disable-web-security --enable-blink-features=ShadowDOMV0 --log-level=0 --no-first-run --no-sandbox --no-service-autorun --password-store=basic --remote-debugging-port=0 --test-type=webdriver --use-mock-keychain --user-data-dir="C:\Users\cmin\AppData\Local\Temp\scoped_dir11512_1677496139" data:,
[1674023178.780][DEBUG]: DevTools HTTP Request: http://localhost:54732/json/version
[1674023179.204][DEBUG]: DevTools HTTP Response: {
   "Browser": "Chrome/109.0.5414.74",
   "Protocol-Version": "1.3",
   "User-Agent": "Mozilla/5.0 (Windows NT 10.0; Win64; x64) AppleWebKit/537.36 (KHTML, like Gecko) Chrome/109.0.0.0 Safari/537.36",
   "V8-Version": "10.9.194.9",
   "WebKit-Version": "537.36 (@e7c5703604daa9cc128ccf5a5d3e993513758913)",
   "webSocketDebuggerUrl": "ws://localhost:54732/devtools/browser/a92f03c1-a8c7-424f-b0a2-58c6bba2d332"
}

[1674023179.205][DEBUG]: DevTools HTTP Request: http://localhost:54732/json/list
[1674023179.227][DEBUG]: DevTools HTTP Response: [ {
   "description": "",
   "devtoolsFrontendUrl": "/devtools/inspector.html?ws=localhost:54732/devtools/page/E14B6E88A000BD098B68FC7F2782C44B",
   "id": "E14B6E88A000BD098B68FC7F2782C44B",
   "title": "",
   "type": "page",
   "url": "data:,",
   "webSocketDebuggerUrl": "ws://localhost:54732/devtools/page/E14B6E88A000BD098B68FC7F2782C44B"
} ]

[1674023179.259][INFO]: resolved localhost to ["::1","127.0.0.1"]
[1674023179.278][DEBUG]: DevTools WebSocket Command: Target.getTargets (id=1) (session_id=) browser {
}
[1674023179.289][DEBUG]: DevTools WebSocket Response: Target.getTargets (id=1) (session_id=) browser {
   "targetInfos": [ {
      "attached": false,
      "browserContextId": "C035E2C5E0433CCC4C35D4AE0D9A655A",
      "canAccessOpener": false,
      "targetId": "E14B6E88A000BD098B68FC7F2782C44B",
      "title": "",
      "type": "page",
      "url": "data:,"
   } ]
}
[1674023179.290][DEBUG]: DevTools WebSocket Command: Target.attachToTarget (id=2) (session_id=) browser {
   "flatten": true,
   "targetId": "E14B6E88A000BD098B68FC7F2782C44B"
}
[1674023179.294][DEBUG]: DevTools WebSocket Event: Target.attachedToTarget (session_id=) browser {
   "sessionId": "8F907C2AD61372EB0A0CB264B7E22CF9",
   "targetInfo": {
      "attached": true,
      "browserContextId": "C035E2C5E0433CCC4C35D4AE0D9A655A",
      "canAccessOpener": false,
      "targetId": "E14B6E88A000BD098B68FC7F2782C44B",
      "title": "",
      "type": "page",
      "url": "data:,"
   },
   "waitingForDebugger": false
}
[1674023179.294][DEBUG]: DevTools WebSocket Response: Target.attachToTarget (id=2) (session_id=) browser {
   "sessionId": "8F907C2AD61372EB0A0CB264B7E22CF9"
}
[1674023179.294][DEBUG]: DevTools WebSocket Command: Page.addScriptToEvaluateOnNewDocument (id=3) (session_id=8F907C2AD61372EB0A0CB264B7E22CF9) E14B6E88A000BD098B68FC7F2782C44B {
   "source": "(function () {window.cdc_adoQpoasnfa76pfcZLmcfl_Array = window.Array;window.cdc_adoQpoasnfa76pfcZLmcfl_Promise = window.Promise;window.cdc_adoQpoasnfa76pfcZLmcfl_Symbol = window.Symbol;}) ();"
}
[1674023179.295][DEBUG]: DevTools WebSocket Command: Runtime.evaluate (id=4) (session_id=8F907C2AD61372EB0A0CB264B7E22CF9) E14B6E88A000BD098B68FC7F2782C44B {
   "expression": "(function () {window.cdc_adoQpoasnfa76pfcZLmcfl_Array = window.Array;window.cdc_adoQpoasnfa76pfcZLmcfl_Promise = window.Promise;window.cdc_adoQpoasnfa76pfcZLmcfl_Symbol = window.Symbol;}) ();"
}
[1674023179.295][DEBUG]: DevTools WebSocket Command: Log.enable (id=5) (session_id=8F907C2AD61372EB0A0CB264B7E22CF9) E14B6E88A000BD098B68FC7F2782C44B {
}
[1674023179.295][DEBUG]: DevTools WebSocket Command: Target.setAutoAttach (id=6) (session_id=8F907C2AD61372EB0A0CB264B7E22CF9) E14B6E88A000BD098B68FC7F2782C44B {
   "autoAttach": true,
   "flatten": true,
   "waitForDebuggerOnStart": false
}
[1674023179.295][DEBUG]: DevTools WebSocket Command: Page.enable (id=7) (session_id=8F907C2AD61372EB0A0CB264B7E22CF9) E14B6E88A000BD098B68FC7F2782C44B {
}
[1674023179.296][DEBUG]: DevTools WebSocket Command: Page.enable (id=8) (session_id=8F907C2AD61372EB0A0CB264B7E22CF9) E14B6E88A000BD098B68FC7F2782C44B {
}
[1674023179.391][DEBUG]: DevTools WebSocket Response: Page.addScriptToEvaluateOnNewDocument (id=3) (session_id=8F907C2AD61372EB0A0CB264B7E22CF9) E14B6E88A000BD098B68FC7F2782C44B {
   "identifier": "1"
}
[1674023179.401][DEBUG]: DevTools WebSocket Response: Runtime.evaluate (id=4) (session_id=8F907C2AD61372EB0A0CB264B7E22CF9) E14B6E88A000BD098B68FC7F2782C44B {
   "result": {
      "type": "undefined"
   }
}
[1674023179.403][DEBUG]: DevTools WebSocket Response: Log.enable (id=5) (session_id=8F907C2AD61372EB0A0CB264B7E22CF9) E14B6E88A000BD098B68FC7F2782C44B {
}
[1674023179.404][DEBUG]: DevTools WebSocket Response: Target.setAutoAttach (id=6) (session_id=8F907C2AD61372EB0A0CB264B7E22CF9) E14B6E88A000BD098B68FC7F2782C44B {
}
[1674023179.404][DEBUG]: DevTools WebSocket Response: Page.enable (id=7) (session_id=8F907C2AD61372EB0A0CB264B7E22CF9) E14B6E88A000BD098B68FC7F2782C44B {
}
[1674023179.404][DEBUG]: DevTools WebSocket Response: Page.enable (id=8) (session_id=8F907C2AD61372EB0A0CB264B7E22CF9) E14B6E88A000BD098B68FC7F2782C44B {
}
[1674023179.405][DEBUG]: DevTools WebSocket Command: Runtime.enable (id=9) (session_id=8F907C2AD61372EB0A0CB264B7E22CF9) E14B6E88A000BD098B68FC7F2782C44B {
}
[1674023179.440][DEBUG]: DevTools WebSocket Event: Page.loadEventFired (session_id=8F907C2AD61372EB0A0CB264B7E22CF9) E14B6E88A000BD098B68FC7F2782C44B {
   "timestamp": 101583.650408
}
[1674023179.440][DEBUG]: DevTools WebSocket Command: Runtime.evaluate (id=10) (session_id=8F907C2AD61372EB0A0CB264B7E22CF9) E14B6E88A000BD098B68FC7F2782C44B {
   "awaitPromise": false,
   "expression": "document.readyState",
   "returnByValue": true
}
[1674023179.447][DEBUG]: DevTools WebSocket Event: Page.frameStoppedLoading (session_id=8F907C2AD61372EB0A0CB264B7E22CF9) E14B6E88A000BD098B68FC7F2782C44B {
   "frameId": "E14B6E88A000BD098B68FC7F2782C44B"
}
[1674023179.448][DEBUG]: DevTools WebSocket Event: Page.domContentEventFired (session_id=8F907C2AD61372EB0A0CB264B7E22CF9) E14B6E88A000BD098B68FC7F2782C44B {
   "timestamp": 101583.656208
}
[1674023179.453][DEBUG]: DevTools WebSocket Event: Runtime.executionContextCreated (session_id=8F907C2AD61372EB0A0CB264B7E22CF9) E14B6E88A000BD098B68FC7F2782C44B {
   "context": {
      "auxData": {
         "frameId": "E14B6E88A000BD098B68FC7F2782C44B",
         "isDefault": true,
         "type": "default"
      },
      "id": 1,
      "name": "",
      "origin": "://",
      "uniqueId": "-6766429413297860326.-1480572257749734598"
   }
}
[1674023179.454][DEBUG]: DevTools WebSocket Response: Runtime.enable (id=9) (session_id=8F907C2AD61372EB0A0CB264B7E22CF9) E14B6E88A000BD098B68FC7F2782C44B {
}
[1674023179.454][DEBUG]: DevTools WebSocket Response: Runtime.evaluate (id=10) (session_id=8F907C2AD61372EB0A0CB264B7E22CF9) E14B6E88A000BD098B68FC7F2782C44B {
   "result": {
      "type": "string",
      "value": "complete"
   }
}
[1674023179.454][DEBUG]: DevTools WebSocket Command: Page.enable (id=11) (session_id=8F907C2AD61372EB0A0CB264B7E22CF9) E14B6E88A000BD098B68FC7F2782C44B {
}
[1674023179.463][DEBUG]: DevTools WebSocket Response: Page.enable (id=11) (session_id=8F907C2AD61372EB0A0CB264B7E22CF9) E14B6E88A000BD098B68FC7F2782C44B {
}
[1674023179.463][DEBUG]: DevTools WebSocket Command: Runtime.enable (id=12) (session_id=8F907C2AD61372EB0A0CB264B7E22CF9) E14B6E88A000BD098B68FC7F2782C44B {
}
[1674023179.470][DEBUG]: DevTools WebSocket Response: Runtime.enable (id=12) (session_id=8F907C2AD61372EB0A0CB264B7E22CF9) E14B6E88A000BD098B68FC7F2782C44B {
}
[1674023179.473][DEBUG]: DevTools WebSocket Command: Runtime.evaluate (id=13) (session_id=8F907C2AD61372EB0A0CB264B7E22CF9) E14B6E88A000BD098B68FC7F2782C44B {
   "awaitPromise": true,
   "expression": "(function() { // Copyright 2012 The Chromium Authors\n// Use of this source code is governed by a BSD-style license that can be\n// found in the LICENSE file.\n\n/**\n * Enum for WebDriver status codes....",
   "returnByValue": true
}
[1674023179.534][DEBUG]: DevTools WebSocket Response: Runtime.evaluate (id=13) (session_id=8F907C2AD61372EB0A0CB264B7E22CF9) E14B6E88A000BD098B68FC7F2782C44B {
   "result": {
      "type": "object",
      "value": {
         "status": 0,
         "value": 1
      }
   }
}
[1674023179.534][INFO]: [de457d43be54d9e84f6b06aac6ec8663] RESPONSE InitSession {
   "capabilities": {
      "acceptInsecureCerts": false,
      "browserName": "chrome",
      "browserVersion": "109.0.5414.74",
      "chrome": {
         "chromedriverVersion": "109.0.5414.74 (e7c5703604daa9cc128ccf5a5d3e993513758913-refs/branch-heads/5414@{#1172})",
         "userDataDir": "C:\\Users\\cmin\\AppData\\Local\\Temp\\scoped_dir11512_1677496139"
      },
      "goog:chromeOptions": {
         "debuggerAddress": "localhost:54732"
      },
      "networkConnectionEnabled": false,
      "pageLoadStrategy": "normal",
      "platformName": "windows",
      "proxy": {
      },
      "setWindowRect": true,
      "strictFileInteractability": false,
      "timeouts": {
         "implicit": 0,
         "pageLoad": 300000,
         "script": 30000
      },
      "unhandledPromptBehavior": "dismiss and notify",
      "webauthn:extension:credBlob": true,
      "webauthn:extension:largeBlob": true,
      "webauthn:virtualAuthenticators": true
   },
   "sessionId": "de457d43be54d9e84f6b06aac6ec8663"
}
[1674023179.557][INFO]: [de457d43be54d9e84f6b06aac6ec8663] COMMAND Navigate {
   "url": "https://robocorp.com"
}
[1674023179.558][INFO]: Waiting for pending navigations...
[1674023179.558][DEBUG]: DevTools WebSocket Command: Runtime.evaluate (id=14) (session_id=8F907C2AD61372EB0A0CB264B7E22CF9) E14B6E88A000BD098B68FC7F2782C44B {
   "expression": "1"
}
[1674023179.559][DEBUG]: DevTools WebSocket Response: Runtime.evaluate (id=14) (session_id=8F907C2AD61372EB0A0CB264B7E22CF9) E14B6E88A000BD098B68FC7F2782C44B {
   "result": {
      "description": "1",
      "type": "number",
      "value": 1
   }
}
[1674023179.559][INFO]: Done waiting for pending navigations. Status: ok
[1674023179.560][DEBUG]: DevTools WebSocket Command: Page.navigate (id=15) (session_id=8F907C2AD61372EB0A0CB264B7E22CF9) E14B6E88A000BD098B68FC7F2782C44B {
   "url": "https://robocorp.com"
}
[1674023181.222][DEBUG]: DevTools WebSocket Response: Page.navigate (id=15) (session_id=8F907C2AD61372EB0A0CB264B7E22CF9) E14B6E88A000BD098B68FC7F2782C44B {
   "frameId": "E14B6E88A000BD098B68FC7F2782C44B",
   "loaderId": "ACDEA2196254FFD3D88FA57FF20A3F58"
}
[1674023181.222][DEBUG]: DevTools WebSocket Command: Runtime.evaluate (id=16) (session_id=8F907C2AD61372EB0A0CB264B7E22CF9) E14B6E88A000BD098B68FC7F2782C44B {
   "expression": "document.URL"
}
[1674023181.224][DEBUG]: DevTools WebSocket Event: Runtime.executionContextsCleared (session_id=8F907C2AD61372EB0A0CB264B7E22CF9) E14B6E88A000BD098B68FC7F2782C44B {
}
[1674023181.227][DEBUG]: DevTools WebSocket Event: Page.frameStartedLoading (session_id=8F907C2AD61372EB0A0CB264B7E22CF9) E14B6E88A000BD098B68FC7F2782C44B {
   "frameId": "E14B6E88A000BD098B68FC7F2782C44B"
}
[1674023181.286][DEBUG]: DevTools WebSocket Event: Runtime.executionContextsCleared (session_id=8F907C2AD61372EB0A0CB264B7E22CF9) E14B6E88A000BD098B68FC7F2782C44B {
}
[1674023181.286][DEBUG]: DevTools WebSocket Event: Page.frameNavigated (session_id=8F907C2AD61372EB0A0CB264B7E22CF9) E14B6E88A000BD098B68FC7F2782C44B {
   "frame": {
      "adFrameStatus": {
         "adFrameType": "none"
      },
      "crossOriginIsolatedContextType": "NotIsolated",
      "domainAndRegistry": "robocorp.com",
      "gatedAPIFeatures": [  ],
      "id": "E14B6E88A000BD098B68FC7F2782C44B",
      "loaderId": "ACDEA2196254FFD3D88FA57FF20A3F58",
      "mimeType": "text/html",
      "secureContextType": "Secure",
      "securityOrigin": "https://robocorp.com",
      "url": "https://robocorp.com/"
   },
   "type": "Navigation"
}
[1674023181.286][DEBUG]: DevTools WebSocket Event: Runtime.executionContextCreated (session_id=8F907C2AD61372EB0A0CB264B7E22CF9) E14B6E88A000BD098B68FC7F2782C44B {
   "context": {
      "auxData": {
         "frameId": "E14B6E88A000BD098B68FC7F2782C44B",
         "isDefault": true,
         "type": "default"
      },
      "id": 1,
      "name": "",
      "origin": "https://robocorp.com",
      "uniqueId": "802407753911629641.778486614606093947"
   }
}
[1674023181.287][DEBUG]: DevTools WebSocket Response: Runtime.evaluate (id=16) (session_id=8F907C2AD61372EB0A0CB264B7E22CF9) E14B6E88A000BD098B68FC7F2782C44B {
   "result": {
      "type": "string",
      "value": "https://robocorp.com/"
   }
}
[1674023181.287][INFO]: Waiting for pending navigations...
[1674023181.287][DEBUG]: DevTools WebSocket Command: Runtime.evaluate (id=17) (session_id=8F907C2AD61372EB0A0CB264B7E22CF9) E14B6E88A000BD098B68FC7F2782C44B {
   "expression": "1"
}
[1674023181.329][DEBUG]: DevTools WebSocket Response: Runtime.evaluate (id=17) (session_id=8F907C2AD61372EB0A0CB264B7E22CF9) E14B6E88A000BD098B68FC7F2782C44B {
   "result": {
      "description": "1",
      "type": "number",
      "value": 1
   }
}
[1674023181.858][DEBUG]: DevTools WebSocket Command: Runtime.evaluate (id=18) (session_id=8F907C2AD61372EB0A0CB264B7E22CF9) E14B6E88A000BD098B68FC7F2782C44B {
   "expression": "1"
}
[1674023182.770][DEBUG]: DevTools WebSocket Event: Page.navigatedWithinDocument (session_id=8F907C2AD61372EB0A0CB264B7E22CF9) E14B6E88A000BD098B68FC7F2782C44B {
   "frameId": "E14B6E88A000BD098B68FC7F2782C44B",
   "url": "https://robocorp.com/"
}
[1674023182.770][DEBUG]: DevTools WebSocket Event: Page.domContentEventFired (session_id=8F907C2AD61372EB0A0CB264B7E22CF9) E14B6E88A000BD098B68FC7F2782C44B {
   "timestamp": 101586.999636
}
[1674023182.798][DEBUG]: DevTools WebSocket Response: Runtime.evaluate (id=18) (session_id=8F907C2AD61372EB0A0CB264B7E22CF9) E14B6E88A000BD098B68FC7F2782C44B {
   "result": {
      "description": "1",
      "type": "number",
      "value": 1
   }
}
[1674023182.969][DEBUG]: DevTools WebSocket Event: Page.frameAttached (session_id=8F907C2AD61372EB0A0CB264B7E22CF9) E14B6E88A000BD098B68FC7F2782C44B {
   "frameId": "9FE9AAD8FB5EBF25ACFF8349F9B7B89D",
   "parentFrameId": "E14B6E88A000BD098B68FC7F2782C44B",
   "stack": {
      "callFrames": [ {
         "columnNumber": 2595,
         "functionName": "get",
         "lineNumber": 10,
         "scriptId": "20",
         "url": "https://static.cdn.prismic.io/prismic.js?new=true&repo=robocorp-com"
      } ]
   }
}
[1674023182.970][DEBUG]: DevTools WebSocket Event: Page.frameStartedLoading (session_id=8F907C2AD61372EB0A0CB264B7E22CF9) E14B6E88A000BD098B68FC7F2782C44B {
   "frameId": "9FE9AAD8FB5EBF25ACFF8349F9B7B89D"
}
[1674023182.971][DEBUG]: DevTools WebSocket Command: Runtime.evaluate (id=19) (session_id=8F907C2AD61372EB0A0CB264B7E22CF9) E14B6E88A000BD098B68FC7F2782C44B {
   "expression": "1"
}
[1674023183.018][DEBUG]: DevTools WebSocket Event: Page.frameAttached (session_id=8F907C2AD61372EB0A0CB264B7E22CF9) E14B6E88A000BD098B68FC7F2782C44B {
   "frameId": "8A113866C280633470E8515D50E3A511",
   "parentFrameId": "E14B6E88A000BD098B68FC7F2782C44B",
   "stack": {
      "callFrames": [ {
         "columnNumber": 2595,
         "functionName": "get",
         "lineNumber": 10,
         "scriptId": "22",
         "url": "https://static.cdn.prismic.io/prismic.js?repo=robocorp-com&new=true"
      } ]
   }
}
[1674023183.018][DEBUG]: DevTools WebSocket Event: Page.frameStartedLoading (session_id=8F907C2AD61372EB0A0CB264B7E22CF9) E14B6E88A000BD098B68FC7F2782C44B {
   "frameId": "8A113866C280633470E8515D50E3A511"
}
[1674023183.072][DEBUG]: DevTools WebSocket Response: Runtime.evaluate (id=19) (session_id=8F907C2AD61372EB0A0CB264B7E22CF9) E14B6E88A000BD098B68FC7F2782C44B {
   "result": {
      "description": "1",
      "type": "number",
      "value": 1
   }
}
[1674023183.593][DEBUG]: DevTools WebSocket Command: Runtime.evaluate (id=20) (session_id=8F907C2AD61372EB0A0CB264B7E22CF9) E14B6E88A000BD098B68FC7F2782C44B {
   "expression": "1"
}
[1674023183.599][DEBUG]: DevTools WebSocket Response: Runtime.evaluate (id=20) (session_id=8F907C2AD61372EB0A0CB264B7E22CF9) E14B6E88A000BD098B68FC7F2782C44B {
   "result": {
      "description": "1",
      "type": "number",
      "value": 1
   }
}
[1674023183.849][DEBUG]: DevTools WebSocket Event: Target.attachedToTarget (session_id=8F907C2AD61372EB0A0CB264B7E22CF9) E14B6E88A000BD098B68FC7F2782C44B {
   "sessionId": "1237A44CC0B9308BE6A58675C52058D9",
   "targetInfo": {
      "attached": true,
      "browserContextId": "C035E2C5E0433CCC4C35D4AE0D9A655A",
      "canAccessOpener": false,
      "targetId": "9FE9AAD8FB5EBF25ACFF8349F9B7B89D",
      "title": "",
      "type": "iframe",
      "url": ""
   },
   "waitingForDebugger": false
}
[1674023183.852][DEBUG]: DevTools WebSocket Command: Page.addScriptToEvaluateOnNewDocument (id=21) (session_id=1237A44CC0B9308BE6A58675C52058D9) 1237A44CC0B9308BE6A58675C52058D9 {
   "source": "(function () {window.cdc_adoQpoasnfa76pfcZLmcfl_Array = window.Array;window.cdc_adoQpoasnfa76pfcZLmcfl_Promise = window.Promise;window.cdc_adoQpoasnfa76pfcZLmcfl_Symbol = window.Symbol;}) ();"
}
[1674023183.862][DEBUG]: DevTools WebSocket Command: Runtime.evaluate (id=22) (session_id=1237A44CC0B9308BE6A58675C52058D9) 1237A44CC0B9308BE6A58675C52058D9 {
   "expression": "(function () {window.cdc_adoQpoasnfa76pfcZLmcfl_Array = window.Array;window.cdc_adoQpoasnfa76pfcZLmcfl_Promise = window.Promise;window.cdc_adoQpoasnfa76pfcZLmcfl_Symbol = window.Symbol;}) ();"
}
[1674023183.864][DEBUG]: DevTools WebSocket Command: Target.setAutoAttach (id=23) (session_id=1237A44CC0B9308BE6A58675C52058D9) 1237A44CC0B9308BE6A58675C52058D9 {
   "autoAttach": true,
   "flatten": true,
   "waitForDebuggerOnStart": false
}
[1674023183.865][DEBUG]: DevTools WebSocket Command: Page.enable (id=24) (session_id=1237A44CC0B9308BE6A58675C52058D9) 1237A44CC0B9308BE6A58675C52058D9 {
}
[1674023183.870][DEBUG]: DevTools WebSocket Command: Page.enable (id=25) (session_id=8F907C2AD61372EB0A0CB264B7E22CF9) E14B6E88A000BD098B68FC7F2782C44B {
}
[1674023183.871][DEBUG]: DevTools WebSocket Event: Target.attachedToTarget (session_id=8F907C2AD61372EB0A0CB264B7E22CF9) E14B6E88A000BD098B68FC7F2782C44B {
   "sessionId": "8F8816EAEE0E97B567519A36424EF450",
   "targetInfo": {
      "attached": true,
      "browserContextId": "C035E2C5E0433CCC4C35D4AE0D9A655A",
      "canAccessOpener": false,
      "targetId": "8A113866C280633470E8515D50E3A511",
      "title": "",
      "type": "iframe",
      "url": ""
   },
   "waitingForDebugger": false
}
[1674023183.872][DEBUG]: DevTools WebSocket Command: Page.addScriptToEvaluateOnNewDocument (id=26) (session_id=8F8816EAEE0E97B567519A36424EF450) 8F8816EAEE0E97B567519A36424EF450 {
   "source": "(function () {window.cdc_adoQpoasnfa76pfcZLmcfl_Array = window.Array;window.cdc_adoQpoasnfa76pfcZLmcfl_Promise = window.Promise;window.cdc_adoQpoasnfa76pfcZLmcfl_Symbol = window.Symbol;}) ();"
}
[1674023183.874][DEBUG]: DevTools WebSocket Command: Runtime.evaluate (id=27) (session_id=8F8816EAEE0E97B567519A36424EF450) 8F8816EAEE0E97B567519A36424EF450 {
   "expression": "(function () {window.cdc_adoQpoasnfa76pfcZLmcfl_Array = window.Array;window.cdc_adoQpoasnfa76pfcZLmcfl_Promise = window.Promise;window.cdc_adoQpoasnfa76pfcZLmcfl_Symbol = window.Symbol;}) ();"
}
[1674023183.875][DEBUG]: DevTools WebSocket Command: Target.setAutoAttach (id=28) (session_id=8F8816EAEE0E97B567519A36424EF450) 8F8816EAEE0E97B567519A36424EF450 {
   "autoAttach": true,
   "flatten": true,
   "waitForDebuggerOnStart": false
}
[1674023183.884][DEBUG]: DevTools WebSocket Command: Page.enable (id=29) (session_id=8F8816EAEE0E97B567519A36424EF450) 8F8816EAEE0E97B567519A36424EF450 {
}
[1674023183.884][DEBUG]: DevTools WebSocket Command: Page.enable (id=30) (session_id=8F907C2AD61372EB0A0CB264B7E22CF9) E14B6E88A000BD098B68FC7F2782C44B {
}
[1674023183.885][DEBUG]: DevTools WebSocket Event: Target.targetInfoChanged (session_id=8F907C2AD61372EB0A0CB264B7E22CF9) E14B6E88A000BD098B68FC7F2782C44B {
   "targetInfo": {
      "attached": true,
      "browserContextId": "C035E2C5E0433CCC4C35D4AE0D9A655A",
      "canAccessOpener": false,
      "targetId": "9FE9AAD8FB5EBF25ACFF8349F9B7B89D",
      "title": "https://robocorp-com.prismic.io/prismic-toolbar/4.0.9/iframe.html",
      "type": "iframe",
      "url": "https://robocorp-com.prismic.io/prismic-toolbar/4.0.9/iframe.html"
   }
}
[1674023183.885][DEBUG]: DevTools WebSocket Event: Page.frameStoppedLoading (session_id=8F907C2AD61372EB0A0CB264B7E22CF9) E14B6E88A000BD098B68FC7F2782C44B {
   "frameId": "9FE9AAD8FB5EBF25ACFF8349F9B7B89D"
}
[1674023183.886][DEBUG]: DevTools WebSocket Event: Page.frameDetached (session_id=8F907C2AD61372EB0A0CB264B7E22CF9) E14B6E88A000BD098B68FC7F2782C44B {
   "frameId": "9FE9AAD8FB5EBF25ACFF8349F9B7B89D",
   "reason": "swap"
}
[1674023183.886][DEBUG]: DevTools WebSocket Response: Page.enable (id=25) (session_id=8F907C2AD61372EB0A0CB264B7E22CF9) E14B6E88A000BD098B68FC7F2782C44B {
}
[1674023183.886][DEBUG]: DevTools WebSocket Response: Page.enable (id=30) (session_id=8F907C2AD61372EB0A0CB264B7E22CF9) E14B6E88A000BD098B68FC7F2782C44B {
}
[1674023183.905][DEBUG]: DevTools WebSocket Event: Target.targetInfoChanged (session_id=8F907C2AD61372EB0A0CB264B7E22CF9) E14B6E88A000BD098B68FC7F2782C44B {
   "targetInfo": {
      "attached": true,
      "browserContextId": "C035E2C5E0433CCC4C35D4AE0D9A655A",
      "canAccessOpener": false,
      "targetId": "8A113866C280633470E8515D50E3A511",
      "title": "https://robocorp-com.prismic.io/prismic-toolbar/4.0.9/iframe.html",
      "type": "iframe",
      "url": "https://robocorp-com.prismic.io/prismic-toolbar/4.0.9/iframe.html"
   }
}
[1674023183.906][DEBUG]: DevTools WebSocket Event: Page.frameStoppedLoading (session_id=8F907C2AD61372EB0A0CB264B7E22CF9) E14B6E88A000BD098B68FC7F2782C44B {
   "frameId": "8A113866C280633470E8515D50E3A511"
}
[1674023183.907][DEBUG]: DevTools WebSocket Event: Page.frameDetached (session_id=8F907C2AD61372EB0A0CB264B7E22CF9) E14B6E88A000BD098B68FC7F2782C44B {
   "frameId": "8A113866C280633470E8515D50E3A511",
   "reason": "swap"
}
[1674023183.934][DEBUG]: DevTools WebSocket Response: Page.addScriptToEvaluateOnNewDocument (id=21) (session_id=1237A44CC0B9308BE6A58675C52058D9) 1237A44CC0B9308BE6A58675C52058D9 {
   "identifier": "1"
}
[1674023183.946][DEBUG]: DevTools WebSocket Response: Runtime.evaluate (id=22) (session_id=1237A44CC0B9308BE6A58675C52058D9) 1237A44CC0B9308BE6A58675C52058D9 {
   "result": {
      "type": "undefined"
   }
}
[1674023183.947][DEBUG]: DevTools WebSocket Response: Target.setAutoAttach (id=23) (session_id=1237A44CC0B9308BE6A58675C52058D9) 1237A44CC0B9308BE6A58675C52058D9 {
}
[1674023183.948][DEBUG]: DevTools WebSocket Response: Page.enable (id=24) (session_id=1237A44CC0B9308BE6A58675C52058D9) 1237A44CC0B9308BE6A58675C52058D9 {
}
[1674023183.950][DEBUG]: DevTools WebSocket Response: Page.addScriptToEvaluateOnNewDocument (id=26) (session_id=8F8816EAEE0E97B567519A36424EF450) 8F8816EAEE0E97B567519A36424EF450 {
   "identifier": "1"
}
[1674023183.951][DEBUG]: DevTools WebSocket Response: Runtime.evaluate (id=27) (session_id=8F8816EAEE0E97B567519A36424EF450) 8F8816EAEE0E97B567519A36424EF450 {
   "result": {
      "type": "undefined"
   }
}
[1674023183.955][DEBUG]: DevTools WebSocket Response: Target.setAutoAttach (id=28) (session_id=8F8816EAEE0E97B567519A36424EF450) 8F8816EAEE0E97B567519A36424EF450 {
}
[1674023183.956][DEBUG]: DevTools WebSocket Response: Page.enable (id=29) (session_id=8F8816EAEE0E97B567519A36424EF450) 8F8816EAEE0E97B567519A36424EF450 {
}
[1674023183.956][DEBUG]: DevTools WebSocket Command: Runtime.enable (id=31) (session_id=8F8816EAEE0E97B567519A36424EF450) 8F8816EAEE0E97B567519A36424EF450 {
}
[1674023183.982][DEBUG]: DevTools WebSocket Event: Page.loadEventFired (session_id=1237A44CC0B9308BE6A58675C52058D9) 1237A44CC0B9308BE6A58675C52058D9 {
   "timestamp": 101588.211366
}
[1674023183.982][DEBUG]: DevTools WebSocket Event: Page.frameStoppedLoading (session_id=1237A44CC0B9308BE6A58675C52058D9) 1237A44CC0B9308BE6A58675C52058D9 {
   "frameId": "9FE9AAD8FB5EBF25ACFF8349F9B7B89D"
}
[1674023183.982][DEBUG]: DevTools WebSocket Event: Page.domContentEventFired (session_id=1237A44CC0B9308BE6A58675C52058D9) 1237A44CC0B9308BE6A58675C52058D9 {
   "timestamp": 101588.213341
}
[1674023184.045][DEBUG]: DevTools WebSocket Event: Page.loadEventFired (session_id=8F8816EAEE0E97B567519A36424EF450) 8F8816EAEE0E97B567519A36424EF450 {
   "timestamp": 101588.272733
}
[1674023184.046][DEBUG]: DevTools WebSocket Event: Page.frameStoppedLoading (session_id=8F8816EAEE0E97B567519A36424EF450) 8F8816EAEE0E97B567519A36424EF450 {
   "frameId": "8A113866C280633470E8515D50E3A511"
}
[1674023184.047][DEBUG]: DevTools WebSocket Event: Page.domContentEventFired (session_id=8F8816EAEE0E97B567519A36424EF450) 8F8816EAEE0E97B567519A36424EF450 {
   "timestamp": 101588.27754
}
[1674023184.050][DEBUG]: DevTools WebSocket Event: Runtime.executionContextCreated (session_id=8F8816EAEE0E97B567519A36424EF450) 8F8816EAEE0E97B567519A36424EF450 {
   "context": {
      "auxData": {
         "frameId": "8A113866C280633470E8515D50E3A511",
         "isDefault": true,
         "type": "default"
      },
      "id": 2,
      "name": "",
      "origin": "https://robocorp-com.prismic.io",
      "uniqueId": "1446353767075787098.767958871237962163"
   }
}
[1674023184.050][DEBUG]: DevTools WebSocket Response: Runtime.enable (id=31) (session_id=8F8816EAEE0E97B567519A36424EF450) 8F8816EAEE0E97B567519A36424EF450 {
}
[1674023184.050][DEBUG]: DevTools WebSocket Command: Page.enable (id=32) (session_id=8F8816EAEE0E97B567519A36424EF450) 8F8816EAEE0E97B567519A36424EF450 {
}
[1674023184.052][DEBUG]: DevTools WebSocket Response: Page.enable (id=32) (session_id=8F8816EAEE0E97B567519A36424EF450) 8F8816EAEE0E97B567519A36424EF450 {
}
[1674023184.053][DEBUG]: DevTools WebSocket Command: Runtime.enable (id=33) (session_id=1237A44CC0B9308BE6A58675C52058D9) 1237A44CC0B9308BE6A58675C52058D9 {
}
[1674023184.055][DEBUG]: DevTools WebSocket Event: Runtime.executionContextCreated (session_id=1237A44CC0B9308BE6A58675C52058D9) 1237A44CC0B9308BE6A58675C52058D9 {
   "context": {
      "auxData": {
         "frameId": "9FE9AAD8FB5EBF25ACFF8349F9B7B89D",
         "isDefault": true,
         "type": "default"
      },
      "id": 1,
      "name": "",
      "origin": "https://robocorp-com.prismic.io",
      "uniqueId": "-8089606786160747727.-1565236246437012891"
   }
}
[1674023184.055][DEBUG]: DevTools WebSocket Response: Runtime.enable (id=33) (session_id=1237A44CC0B9308BE6A58675C52058D9) 1237A44CC0B9308BE6A58675C52058D9 {
}
[1674023184.055][DEBUG]: DevTools WebSocket Command: Page.enable (id=34) (session_id=1237A44CC0B9308BE6A58675C52058D9) 1237A44CC0B9308BE6A58675C52058D9 {
}
[1674023184.063][DEBUG]: DevTools WebSocket Response: Page.enable (id=34) (session_id=1237A44CC0B9308BE6A58675C52058D9) 1237A44CC0B9308BE6A58675C52058D9 {
}
[1674023184.063][DEBUG]: DevTools WebSocket Command: Runtime.evaluate (id=35) (session_id=8F907C2AD61372EB0A0CB264B7E22CF9) E14B6E88A000BD098B68FC7F2782C44B {
   "expression": "1"
}
[1674023184.145][DEBUG]: DevTools WebSocket Event: Page.loadEventFired (session_id=8F907C2AD61372EB0A0CB264B7E22CF9) E14B6E88A000BD098B68FC7F2782C44B {
   "timestamp": 101588.370087
}
[1674023184.146][DEBUG]: DevTools WebSocket Command: Runtime.evaluate (id=36) (session_id=8F907C2AD61372EB0A0CB264B7E22CF9) E14B6E88A000BD098B68FC7F2782C44B {
   "awaitPromise": false,
   "expression": "document.readyState",
   "returnByValue": true
}
[1674023184.146][DEBUG]: DevTools WebSocket Event: Page.frameStoppedLoading (session_id=8F907C2AD61372EB0A0CB264B7E22CF9) E14B6E88A000BD098B68FC7F2782C44B {
   "frameId": "E14B6E88A000BD098B68FC7F2782C44B"
}
[1674023184.150][DEBUG]: DevTools WebSocket Response: Runtime.evaluate (id=35) (session_id=8F907C2AD61372EB0A0CB264B7E22CF9) E14B6E88A000BD098B68FC7F2782C44B {
   "result": {
      "description": "1",
      "type": "number",
      "value": 1
   }
}
[1674023184.159][DEBUG]: DevTools WebSocket Response: Runtime.evaluate (id=36) (session_id=8F907C2AD61372EB0A0CB264B7E22CF9) E14B6E88A000BD098B68FC7F2782C44B {
   "result": {
      "type": "string",
      "value": "complete"
   }
}
[1674023184.160][INFO]: Done waiting for pending navigations. Status: ok
[1674023184.160][INFO]: [de457d43be54d9e84f6b06aac6ec8663] RESPONSE Navigate
[1674023184.367][INFO]: [de457d43be54d9e84f6b06aac6ec8663] COMMAND Quit {
}
[1674023184.723][INFO]: [de457d43be54d9e84f6b06aac6ec8663] RESPONSE Quit
[1674023184.723][DEBUG]: Log type 'driver' lost 0 entries on destruction
[1674023184.723][DEBUG]: Log type 'browser' lost 0 entries on destruction
